<?xml version="1.0" encoding="UTF-8"?>
<testsuite xmlns:xsi="http://www.w3.org/2001/XMLSchema-instance" xsi:noNamespaceSchemaLocation="https://maven.apache.org/surefire/maven-surefire-plugin/xsd/surefire-test-report-3.0.xsd" version="3.0" name="TestePersistencia" time="2.829" tests="1" errors="0" skipped="0" failures="0">
  <properties>
[...]
</properties>
  <testcase name="teste" classname="TestePersistencia" time="0.109">
    <system-out><![CDATA[Hibernate: alter table Curso_aulas drop constraint FKtlcturwij1cutd9iywjvf1kfu
Hibernate: alter table tb_Administrativo drop constraint FKjnvlmefo4bw6srou1ann9eupf
Hibernate: alter table tb_Aluno drop constraint FKogi7u3y52lklow8s67pt3y0ca
Hibernate: alter table tb_Curso drop constraint FKlag5nss0qgm0whhimdk7jmu98
Hibernate: alter table tb_Curso drop constraint FKdtbdshdppr1m3wd20orv83hsk
Hibernate: alter table tb_Curso drop constraint FKdn30arxcr9uxssenplnl87r5c
Hibernate: alter table tb_Instrutor drop constraint FKpc4onqb2x1cgr4quepmto40if
Hibernate: drop table if exists Curso_aulas cascade
Hibernate: drop table if exists tb_Administrativo cascade
Hibernate: drop table if exists tb_Aluno cascade
Hibernate: drop table if exists tb_Curso cascade
Hibernate: drop table if exists tb_Instrutor cascade
Hibernate: drop table if exists tb_Pessoa cascade
Hibernate: drop sequence if exists hibernate_sequence
Hibernate: create sequence hibernate_sequence start 1 increment 1
Hibernate: create table Curso_aulas (Curso_id int4 not null, aulas timestamp)
Hibernate: create table tb_Administrativo (cargo varchar(255) not null, id int4 not null, primary key (id))
Hibernate: create table tb_Aluno (matricula varchar(255) not null, renach varchar(11) not null, id int4 not null, primary key (id))
Hibernate: create table tb_Curso (id int4 not null, carga_horaria int4 not null, categoria varchar(255) not null, data_inicio date not null, administrativo_id int4 not null, aluno_id int4 not null, instrutor_id int4 not null, primary key (id))
Hibernate: create table tb_Instrutor (cnh varchar(11) not null, id int4 not null, primary key (id))
Hibernate: create table tb_Pessoa (id int4 not null, cpf varchar(11) not null, data_de_nasc date, nome varchar(255) not null, telefone varchar(255) not null, primary key (id))
Hibernate: alter table Curso_aulas add constraint FKtlcturwij1cutd9iywjvf1kfu foreign key (Curso_id) references tb_Curso
Hibernate: alter table tb_Administrativo add constraint FKjnvlmefo4bw6srou1ann9eupf foreign key (id) references tb_Pessoa
Hibernate: alter table tb_Aluno add constraint FKogi7u3y52lklow8s67pt3y0ca foreign key (id) references tb_Pessoa
Hibernate: alter table tb_Curso add constraint FKlag5nss0qgm0whhimdk7jmu98 foreign key (administrativo_id) references tb_Administrativo
Hibernate: alter table tb_Curso add constraint FKdtbdshdppr1m3wd20orv83hsk foreign key (aluno_id) references tb_Aluno
Hibernate: alter table tb_Curso add constraint FKdn30arxcr9uxssenplnl87r5c foreign key (instrutor_id) references tb_Instrutor
Hibernate: alter table tb_Instrutor add constraint FKpc4onqb2x1cgr4quepmto40if foreign key (id) references tb_Pessoa
Conexão aberta.
Hibernate: select nextval ('hibernate_sequence')
Hibernate: insert into tb_Pessoa (cpf, data_de_nasc, nome, telefone, id) values (?, ?, ?, ?, ?)
Hibernate: insert into tb_Administrativo (cargo, id) values (?, ?)
Hibernate: select nextval ('hibernate_sequence')
Hibernate: insert into tb_Pessoa (cpf, data_de_nasc, nome, telefone, id) values (?, ?, ?, ?, ?)
Hibernate: insert into tb_Instrutor (cnh, id) values (?, ?)
Hibernate: select nextval ('hibernate_sequence')
Hibernate: insert into tb_Pessoa (cpf, data_de_nasc, nome, telefone, id) values (?, ?, ?, ?, ?)
Hibernate: insert into tb_Aluno (matricula, renach, id) values (?, ?, ?)
Hibernate: select nextval ('hibernate_sequence')
Hibernate: select nextval ('hibernate_sequence')
Hibernate: select nextval ('hibernate_sequence')
Hibernate: select nextval ('hibernate_sequence')
Hibernate: insert into tb_Pessoa (cpf, data_de_nasc, nome, telefone, id) values (?, ?, ?, ?, ?)
Hibernate: insert into tb_Administrativo (cargo, id) values (?, ?)
Hibernate: insert into tb_Pessoa (cpf, data_de_nasc, nome, telefone, id) values (?, ?, ?, ?, ?)
Hibernate: insert into tb_Aluno (matricula, renach, id) values (?, ?, ?)
Hibernate: insert into tb_Pessoa (cpf, data_de_nasc, nome, telefone, id) values (?, ?, ?, ?, ?)
Hibernate: insert into tb_Instrutor (cnh, id) values (?, ?)
Hibernate: insert into tb_Curso (administrativo_id, aluno_id, carga_horaria, categoria, data_inicio, instrutor_id, id) values (?, ?, ?, ?, ?, ?, ?)
]]></system-out>
    <system-err><![CDATA[dez. 02, 2024 8:04:28 PM org.hibernate.ejb.HibernatePersistence logDeprecation
WARN: HHH015016: Encountered a deprecated javax.persistence.spi.PersistenceProvider [org.hibernate.ejb.HibernatePersistence]; use [org.hibernate.jpa.HibernatePersistenceProvider] instead.
dez. 02, 2024 8:04:28 PM org.hibernate.ejb.HibernatePersistence logDeprecation
WARN: HHH015016: Encountered a deprecated javax.persistence.spi.PersistenceProvider [org.hibernate.ejb.HibernatePersistence]; use [org.hibernate.jpa.HibernatePersistenceProvider] instead.
dez. 02, 2024 8:04:28 PM org.hibernate.jpa.internal.util.LogHelper logPersistenceUnitInformation
INFO: HHH000204: Processing PersistenceUnitInfo [
	name: LPOO_SistemaAUTOESCOLA_jar_1.0-SNAPSHOTPU
	...]
dez. 02, 2024 8:04:28 PM org.hibernate.Version logVersion
INFO: HHH000412: Hibernate Core {5.3.3.Final}
dez. 02, 2024 8:04:28 PM org.hibernate.cfg.Environment <clinit>
INFO: HHH000206: hibernate.properties not found
dez. 02, 2024 8:04:29 PM org.hibernate.annotations.common.reflection.java.JavaReflectionManager <clinit>
INFO: HCANN000001: Hibernate Commons Annotations {5.0.4.Final}
dez. 02, 2024 8:04:29 PM org.hibernate.engine.jdbc.connections.internal.DriverManagerConnectionProviderImpl configure
WARN: HHH10001002: Using Hibernate built-in connection pool (not for production use!)
dez. 02, 2024 8:04:29 PM org.hibernate.engine.jdbc.connections.internal.DriverManagerConnectionProviderImpl buildCreator
INFO: HHH10001005: using driver [org.postgresql.Driver] at URL [jdbc:postgresql://localhost:5432/ProjetoLPOOE2_AdrielBZanetti]
dez. 02, 2024 8:04:29 PM org.hibernate.engine.jdbc.connections.internal.DriverManagerConnectionProviderImpl buildCreator
INFO: HHH10001001: Connection properties: {user=postgres, password=****}
dez. 02, 2024 8:04:29 PM org.hibernate.engine.jdbc.connections.internal.DriverManagerConnectionProviderImpl buildCreator
INFO: HHH10001003: Autocommit mode: false
dez. 02, 2024 8:04:29 PM org.hibernate.engine.jdbc.connections.internal.DriverManagerConnectionProviderImpl$PooledConnections <init>
INFO: HHH000115: Hibernate connection pool size: 20 (min=1)
dez. 02, 2024 8:04:29 PM org.hibernate.dialect.Dialect <init>
INFO: HHH000400: Using dialect: org.hibernate.dialect.PostgreSQLDialect
dez. 02, 2024 8:04:29 PM org.hibernate.engine.jdbc.env.internal.LobCreatorBuilderImpl useContextualLobCreation
INFO: HHH000424: Disabling contextual LOB creation as createClob() method threw error : java.lang.reflect.InvocationTargetException
dez. 02, 2024 8:04:29 PM org.hibernate.type.BasicTypeRegistry register
INFO: HHH000270: Type registration [java.util.UUID] overrides previous : org.hibernate.type.UUIDBinaryType@ec2bf82
dez. 02, 2024 8:04:30 PM org.hibernate.resource.transaction.backend.jdbc.internal.DdlTransactionIsolatorNonJtaImpl getIsolatedConnection
INFO: HHH10001501: Connection obtained from JdbcConnectionAccess [org.hibernate.engine.jdbc.env.internal.JdbcEnvironmentInitiator$ConnectionProviderJdbcConnectionAccess@70c69586] for (non-JTA) DDL execution was not in auto-commit mode; the Connection 'local transaction' will be committed and the Connection will be set into auto-commit mode.
dez. 02, 2024 8:04:30 PM org.hibernate.resource.transaction.backend.jdbc.internal.DdlTransactionIsolatorNonJtaImpl getIsolatedConnection
INFO: HHH10001501: Connection obtained from JdbcConnectionAccess [org.hibernate.engine.jdbc.env.internal.JdbcEnvironmentInitiator$ConnectionProviderJdbcConnectionAccess@56928e17] for (non-JTA) DDL execution was not in auto-commit mode; the Connection 'local transaction' will be committed and the Connection will be set into auto-commit mode.
dez. 02, 2024 8:04:31 PM org.hibernate.tool.schema.internal.SchemaCreatorImpl applyImportSources
INFO: HHH000476: Executing import script 'org.hibernate.tool.schema.internal.exec.ScriptSourceInputNonExistentImpl@3b7eac14'
]]></system-err>
  </testcase>
</testsuite>